<?xml version="1.0" encoding="UTF-8"?>
<testsuite xmlns:xsi="http://www.w3.org/2001/XMLSchema-instance" xsi:noNamespaceSchemaLocation="https://maven.apache.org/surefire/maven-surefire-plugin/xsd/surefire-test-report.xsd" name="com.openlyCrm.runners.FailedTestRunner" time="0.107" tests="3" errors="0" skipped="3" failures="0">
  <properties>
[...]
</properties>
  <testcase name="The User Dislikes Idea" classname="Dislike Idea" time="0">
    <skipped message="The step &quot;the user on the homepage&quot; is undefined. You can implement it using the snippet(s) below:&#10;&#10;@Given(&quot;the user on the homepage&quot;)&#10;public void the_user_on_the_homepage() {&#10;    // Write code here that turns the phrase above into concrete actions&#10;    throw new io.cucumber.java.PendingException();&#10;}&#10;&#10;&#10;Some other steps were also undefined:&#10;&#10;@When(&quot;user clicks Services button&quot;)&#10;public void user_clicks_Services_button() {&#10;    // Write code here that turns the phrase above into concrete actions&#10;    throw new io.cucumber.java.PendingException();&#10;}&#10;@When(&quot;the user clicks minus button&quot;)&#10;public void the_user_clicks_minus_button() {&#10;    // Write code here that turns the phrase above into concrete actions&#10;    throw new io.cucumber.java.PendingException();&#10;}&#10;@Then(&quot;the number of rating should be change&quot;)&#10;public void the_number_of_rating_should_be_change() {&#10;    // Write code here that turns the phrase above into concrete actions&#10;    throw new io.cucumber.java.PendingException();&#10;}&#10;"/>
    <system-err><![CDATA[Feb 21, 2022 5:15:55 PM io.cucumber.junit.Cucumber <init>
WARNING: By default Cucumber is running in --non-strict mode.
This default will change to --strict and --non-strict will be removed.
You can use --strict or @CucumberOptions(strict = true) to suppress this warning
]]></system-err>
  </testcase>
  <testcase name="User likes the Idea" classname="Dislike Idea" time="0">
    <skipped message="The step &quot;the user on the homepage&quot; is undefined. You can implement it using the snippet(s) below:&#10;&#10;@Given(&quot;the user on the homepage&quot;)&#10;public void the_user_on_the_homepage() {&#10;    // Write code here that turns the phrase above into concrete actions&#10;    throw new io.cucumber.java.PendingException();&#10;}&#10;&#10;&#10;Some other steps were also undefined:&#10;&#10;@When(&quot;user clicks Services button&quot;)&#10;public void user_clicks_Services_button() {&#10;    // Write code here that turns the phrase above into concrete actions&#10;    throw new io.cucumber.java.PendingException();&#10;}&#10;@When(&quot;the user clicks plus button&quot;)&#10;public void the_user_clicks_plus_button() {&#10;    // Write code here that turns the phrase above into concrete actions&#10;    throw new io.cucumber.java.PendingException();&#10;}&#10;@Then(&quot;the number of rating should be change&quot;)&#10;public void the_number_of_rating_should_be_change() {&#10;    // Write code here that turns the phrase above into concrete actions&#10;    throw new io.cucumber.java.PendingException();&#10;}&#10;"/>
  </testcase>
  <testcase name="Creating new Category" classname="Sorting Idea using rating" time="0">
    <skipped message="The step &quot;the user on the homepage&quot; is undefined. You can implement it using the snippet(s) below:&#10;&#10;@Given(&quot;the user on the homepage&quot;)&#10;public void the_user_on_the_homepage() {&#10;    // Write code here that turns the phrase above into concrete actions&#10;    throw new io.cucumber.java.PendingException();&#10;}&#10;&#10;&#10;Some other steps were also undefined:&#10;&#10;@When(&quot;user clicks Services button&quot;)&#10;public void user_clicks_Services_button() {&#10;    // Write code here that turns the phrase above into concrete actions&#10;    throw new io.cucumber.java.PendingException();&#10;}&#10;@When(&quot;user clicks New Category button&quot;)&#10;public void user_clicks_New_Category_button() {&#10;    // Write code here that turns the phrase above into concrete actions&#10;    throw new io.cucumber.java.PendingException();&#10;}&#10;@When(&quot;user enters valid credentials&quot;)&#10;public void user_enters_valid_credentials() {&#10;    // Write code here that turns the phrase above into concrete actions&#10;    throw new io.cucumber.java.PendingException();&#10;}&#10;@Then(&quot;new category should be created&quot;)&#10;public void new_category_should_be_created() {&#10;    // Write code here that turns the phrase above into concrete actions&#10;    throw new io.cucumber.java.PendingException();&#10;}&#10;"/>
  </testcase>
</testsuite>